<?xml version="1.0" encoding="UTF-8"?>
<!-- Generated by org.testng.reporters.JUnitReportReporter -->
<testsuite skipped="0" hostname="2359s-MacBook-Pro.local" name="com.media2359.tests.b_DutyHour" tests="2" failures="1" timestamp="15 Jul 2019 06:16:37 GMT" time="141.245" errors="0">
  <testcase name="B_001_ViewDutyHours" time="119.747" classname="com.media2359.tests.b_DutyHour"/>
  <testcase name="B_006_weeklyNavigation" time="21.498" classname="com.media2359.tests.b_DutyHour">
    <failure type="java.lang.AssertionError" message="Expected condition failed: waiting for visibility of [[io.appium.java_client.ios.IOSDriver, Capabilities: {app=/Users/2359id/developments/office/NHG-iOS-Automation/file/1562130953_NHG_Staging.ipa, automationName=XCUITest, browserName=, clearSystemFiles=true, databaseEnabled=false, deviceName=iPhone6, javascriptEnabled=true, locationContextEnabled=false, networkConnectionEnabled=false, platform=MAC, platformName=iOS, platformVersion=12.0, shouldUseSingletonTestManager=false, showXcodeLog=true, takesScreenshot=true, udid=4e3d24d48c64488d55deefcc0623e3a21ca5a994, useNewWDA=false, waitForQuiescence=true, wdaLocalPort=8100, wdaStartupRetryInterval=1000, webStorageEnabled=false, xcodeOrgId=92C5QT57M9, xcodeSigningId=iPhone Developer}] -&gt; xpath: //XCUIElementTypeCell//XCUIElementTypeOther//XCUIElementTypeStaticText] (tried for 10 second(s) with 500 milliseconds interval)
Build info: version: &#039;3.141.59&#039;, revision: &#039;e82be7d358&#039;, time: &#039;2018-11-14T08:17:03&#039;
System info: host: &#039;2359s-MacBook-Pro.local&#039;, ip: &#039;fe80:0:0:0:47d:552b:8a2a:a78c%en0&#039;, os.name: &#039;Mac OS X&#039;, os.arch: &#039;x86_64&#039;, os.version: &#039;10.14.4&#039;, java.version: &#039;1.8.0_202&#039;
Driver info: io.appium.java_client.ios.IOSDriver
Capabilities {app: /Users/2359id/developments/..., automationName: XCUITest, browserName: , clearSystemFiles: true, databaseEnabled: false, deviceName: iPhone6, javascriptEnabled: true, locationContextEnabled: false, networkConnectionEnabled: false, platform: MAC, platformName: iOS, platformVersion: 12.0, shouldUseSingletonTestManager: false, showXcodeLog: true, takesScreenshot: true, udid: 4e3d24d48c64488d55deefcc062..., useNewWDA: false, waitForQuiescence: true, wdaLocalPort: 8100, wdaStartupRetryInterval: 1000, webStorageEnabled: false, xcodeOrgId: 92C5QT57M9, xcodeSigningId: iPhone Developer}
Session ID: 36086667-b226-49c9-a6d1-d9bb550dfb83">
      <![CDATA[java.lang.AssertionError: Expected condition failed: waiting for visibility of [[io.appium.java_client.ios.IOSDriver, Capabilities: {app=/Users/2359id/developments/office/NHG-iOS-Automation/file/1562130953_NHG_Staging.ipa, automationName=XCUITest, browserName=, clearSystemFiles=true, databaseEnabled=false, deviceName=iPhone6, javascriptEnabled=true, locationContextEnabled=false, networkConnectionEnabled=false, platform=MAC, platformName=iOS, platformVersion=12.0, shouldUseSingletonTestManager=false, showXcodeLog=true, takesScreenshot=true, udid=4e3d24d48c64488d55deefcc0623e3a21ca5a994, useNewWDA=false, waitForQuiescence=true, wdaLocalPort=8100, wdaStartupRetryInterval=1000, webStorageEnabled=false, xcodeOrgId=92C5QT57M9, xcodeSigningId=iPhone Developer}] -> xpath: //XCUIElementTypeCell//XCUIElementTypeOther//XCUIElementTypeStaticText] (tried for 10 second(s) with 500 milliseconds interval)
Build info: version: '3.141.59', revision: 'e82be7d358', time: '2018-11-14T08:17:03'
System info: host: '2359s-MacBook-Pro.local', ip: 'fe80:0:0:0:47d:552b:8a2a:a78c%en0', os.name: 'Mac OS X', os.arch: 'x86_64', os.version: '10.14.4', java.version: '1.8.0_202'
Driver info: io.appium.java_client.ios.IOSDriver
Capabilities {app: /Users/2359id/developments/..., automationName: XCUITest, browserName: , clearSystemFiles: true, databaseEnabled: false, deviceName: iPhone6, javascriptEnabled: true, locationContextEnabled: false, networkConnectionEnabled: false, platform: MAC, platformName: iOS, platformVersion: 12.0, shouldUseSingletonTestManager: false, showXcodeLog: true, takesScreenshot: true, udid: 4e3d24d48c64488d55deefcc062..., useNewWDA: false, waitForQuiescence: true, wdaLocalPort: 8100, wdaStartupRetryInterval: 1000, webStorageEnabled: false, xcodeOrgId: 92C5QT57M9, xcodeSigningId: iPhone Developer}
Session ID: 36086667-b226-49c9-a6d1-d9bb550dfb83
at org.testng.Assert.fail(Assert.java:96)
at com.media2359.tests.b_DutyHour.B_006_weeklyNavigation(b_DutyHour.java:181)
at sun.reflect.NativeMethodAccessorImpl.invoke0(Native Method)
at sun.reflect.NativeMethodAccessorImpl.invoke(NativeMethodAccessorImpl.java:62)
at sun.reflect.DelegatingMethodAccessorImpl.invoke(DelegatingMethodAccessorImpl.java:43)
at java.lang.reflect.Method.invoke(Method.java:498)
at org.testng.internal.MethodInvocationHelper.invokeMethod(MethodInvocationHelper.java:124)
at org.testng.internal.Invoker.invokeMethod(Invoker.java:583)
at org.testng.internal.Invoker.invokeTestMethod(Invoker.java:719)
at org.testng.internal.Invoker.invokeTestMethods(Invoker.java:989)
at org.testng.internal.TestMethodWorker.invokeTestMethods(TestMethodWorker.java:125)
at org.testng.internal.TestMethodWorker.run(TestMethodWorker.java:109)
at org.testng.TestRunner.privateRun(TestRunner.java:648)
at org.testng.TestRunner.run(TestRunner.java:505)
at org.testng.SuiteRunner.runTest(SuiteRunner.java:455)
at org.testng.SuiteRunner.runSequentially(SuiteRunner.java:450)
at org.testng.SuiteRunner.privateRun(SuiteRunner.java:415)
at org.testng.SuiteRunner.run(SuiteRunner.java:364)
at org.testng.SuiteRunnerWorker.runSuite(SuiteRunnerWorker.java:52)
at org.testng.SuiteRunnerWorker.run(SuiteRunnerWorker.java:84)
at org.testng.TestNG.runSuitesSequentially(TestNG.java:1208)
at org.testng.TestNG.runSuitesLocally(TestNG.java:1137)
at org.testng.TestNG.runSuites(TestNG.java:1049)
at org.testng.TestNG.run(TestNG.java:1017)
at com.media2359.App.main(App.java:40)
]]>
    </failure>
  </testcase> <!-- B_006_weeklyNavigation -->
</testsuite> <!-- com.media2359.tests.b_DutyHour -->
