<?xml version="1.0" encoding="UTF-8"?>
<!-- Generated by org.testng.reporters.JUnitReportReporter -->
<testsuite skipped="0" hostname="2359s-MacBook-Pro.local" name="com.media2359.tests.e_Violations" tests="2" failures="0" timestamp="10 Jul 2020 00:24:36 GMT" time="87.015" errors="0">
  <testcase name="E_001_goToViolations" time="46.406" classname="com.media2359.tests.e_Violations"/>
  <testcase name="E_002_filterViolationsDateRange" time="40.609" classname="com.media2359.tests.e_Violations"/>
</testsuite> <!-- com.media2359.tests.e_Violations -->
